Starting pipeline...
Initializing pipeline...
[(0.5, 0.0, 0.2), (0.5, -0.0071428571428571435, 0.2), (0.5, -0.014285714285714287, 0.2), (0.5, -0.02142857142857143, 0.2), (0.5, -0.028571428571428574, 0.2), (0.5, -0.03571428571428572, 0.2), (0.5, -0.04285714285714286, 0.2), (0.5, -0.05, 0.2), (0.5, -0.05714285714285715, 0.2), (0.5, -0.0642857142857143, 0.2), (0.5, -0.07142857142857144, 0.2), (0.5, -0.07857142857142858, 0.2), (0.5, -0.08571428571428572, 0.2), (0.5, -0.09285714285714286, 0.2), (0.5, -0.1, 0.2)]
[(0.5, 0.0, 0.2), (0.5, -0.0071428571428571435, 0.2), (0.5, -0.014285714285714287, 0.2), (0.5, -0.02142857142857143, 0.2), (0.5, -0.028571428571428574, 0.2), (0.5, -0.03571428571428572, 0.2), (0.5, -0.04285714285714286, 0.2), (0.5, -0.05, 0.2), (0.5, -0.05714285714285715, 0.2), (0.5, -0.0642857142857143, 0.2), (0.5, -0.07142857142857144, 0.2), (0.5, -0.07857142857142858, 0.2), (0.5, -0.08571428571428572, 0.2), (0.5, -0.09285714285714286, 0.2), (0.5, -0.1, 0.2), (0.5, -0.1, 0.2), (0.4928571428571429, -0.1, 0.2), (0.4857142857142857, -0.1, 0.2), (0.4785714285714286, -0.1, 0.2), (0.4714285714285714, -0.1, 0.2), (0.4642857142857143, -0.1, 0.2), (0.4571428571428572, -0.1, 0.2), (0.45, -0.1, 0.2), (0.4428571428571429, -0.1, 0.2), (0.4357142857142857, -0.1, 0.2), (0.4285714285714286, -0.1, 0.2), (0.42142857142857143, -0.1, 0.2), (0.4142857142857143, -0.1, 0.2), (0.40714285714285714, -0.1, 0.2), (0.4, -0.1, 0.2)]
Moving to the camera position, setting end effector perpendicular.
Moving to 0.5, 0.0, 0.4
moving to target pose...
security check....
Setting the tool perpendicular  header: 
  seq: 1
  stamp: 
    secs: 1678896110
    nsecs: 947000000
  frame_id: "iiwa_link_0"
pose: 
  position: 
    x: 0.4999741691303816
    y: -2.5881785929212493e-05
    z: 0.0732862149717169
  orientation: 
    x: 0.0
    y: 1.0
    z: 0.0
    w: 0.0
Inital position reached.
Running pipeline...
